终端机在文法中未使用

    UMINUS


语法

    0 $accept: program $end

    1 program: decl_list

    2 decl_list: decl
    3          | decl_list decl

    4 decl: variabledecl
    5     | calldecl

    6 option_variable_list: %empty
    7                     | variable_list

    8 variable_list: variable
    9              | variable_list ',' variable

   10 variable: OBJECTID TYPEID

   11 calldecl: FUNC OBJECTID '(' option_variable_list ')' TYPEID stmtblock

   12 stmtblock: '{' option_variabledecl_list option_stmt_list '}'

   13 option_variabledecl_list: %empty
   14                         | variabledecl_list

   15 option_stmt_list: %empty
   16                 | stmt_list

   17 variabledecl_list: variabledecl
   18                  | variabledecl_list variabledecl

   19 variabledecl: VAR variable ';'

   20 stmt_list: stmt
   21          | stmt_list stmt

   22 stmt: ';'
   23     | expr ';'
   24     | ifstmt
   25     | whilestmt
   26     | forstmt
   27     | breakstmt
   28     | continuestmt
   29     | returnstmt
   30     | stmtblock

   31 ifstmt: IF expr stmtblock
   32       | IF expr stmtblock ELSE stmtblock

   33 whilestmt: WHILE expr stmtblock

   34 forstmt: FOR option_expr ';' option_expr ';' option_expr stmtblock

   35 option_expr: %empty
   36            | expr

   37 returnstmt: RETURN option_expr ';'

   38 continuestmt: CONTINUE ';'

   39 breakstmt: BREAK ';'

   40 expr: OBJECTID '=' expr
   41     | CONST_BOOL
   42     | CONST_INT
   43     | CONST_FLOAT
   44     | CONST_STRING
   45     | call
   46     | '(' expr ')'
   47     | OBJECTID
   48     | expr '+' expr
   49     | expr '-' expr
   50     | expr '*' expr
   51     | expr '/' expr
   52     | expr '%' expr
   53     | '-' expr
   54     | expr '<' expr
   55     | expr LE expr
   56     | expr EQUAL expr
   57     | expr NE expr
   58     | expr GE expr
   59     | expr '>' expr
   60     | expr AND expr
   61     | expr OR expr
   62     | expr '^' expr
   63     | '!' expr
   64     | '~' expr
   65     | expr '&' expr
   66     | expr '|' expr

   67 call: OBJECTID '(' option_actual_list ')'

   68 option_actual_list: %empty
   69                   | actual_list

   70 actual_list: actual
   71            | actual_list ',' actual

   72 actual: expr


终结语词，附有它们出现处的规则

    $end (0) 0
    '!' (33) 63
    '%' (37) 52
    '&' (38) 65
    '(' (40) 11 46 67
    ')' (41) 11 46 67
    '*' (42) 50
    '+' (43) 48
    ',' (44) 9 71
    '-' (45) 49 53
    '/' (47) 51
    ';' (59) 19 22 23 34 37 38 39
    '<' (60) 54
    '=' (61) 40
    '>' (62) 59
    '^' (94) 62
    '{' (123) 12
    '|' (124) 66
    '}' (125) 12
    '~' (126) 64
    error (256)
    IF (258) 31 32
    ELSE (260) 32
    WHILE (261) 33
    FOR (262) 34
    BREAK (263) 39
    CONTINUE (264) 38
    FUNC (265) 11
    RETURN (266) 37
    CONST_BOOL <boolean> (267) 41
    CONST_INT <symbol> (268) 42
    CONST_STRING <symbol> (269) 44
    CONST_FLOAT <symbol> (270) 43
    VAR (271) 19
    AND (274) 60
    OR (275) 61
    EQUAL (276) 56
    NE (277) 57
    GE (278) 58
    LE (279) 55
    OBJECTID <symbol> (284) 10 11 40 47 67
    TYPEID <symbol> (285) 10 11
    UMINUS (287)
    minus1 (288)


非终结语词，附有它们出现处的规则

    $accept (45)
        on left: 0
    program <program> (46)
        on left: 1
        on right: 0
    decl_list <decls> (47)
        on left: 2 3
        on right: 1 3
    decl <decl> (48)
        on left: 4 5
        on right: 2 3
    option_variable_list <variables> (49)
        on left: 6 7
        on right: 11
    variable_list <variables> (50)
        on left: 8 9
        on right: 7 9
    variable <variable> (51)
        on left: 10
        on right: 8 9 19
    calldecl <callDecl> (52)
        on left: 11
        on right: 5
    stmtblock <stmtBlock> (53)
        on left: 12
        on right: 11 30 31 32 33 34
    option_variabledecl_list <variableDecls> (54)
        on left: 13 14
        on right: 12
    option_stmt_list <stmts> (55)
        on left: 15 16
        on right: 12
    variabledecl_list <variableDecls> (56)
        on left: 17 18
        on right: 14 18
    variabledecl <variableDecl> (57)
        on left: 19
        on right: 4 17 18
    stmt_list <stmts> (58)
        on left: 20 21
        on right: 16 21
    stmt <stmt> (59)
        on left: 22 23 24 25 26 27 28 29 30
        on right: 20 21
    ifstmt <ifStmt> (60)
        on left: 31 32
        on right: 24
    whilestmt <whileStmt> (61)
        on left: 33
        on right: 25
    forstmt <forStmt> (62)
        on left: 34
        on right: 26
    option_expr <expr> (63)
        on left: 35 36
        on right: 34 37
    returnstmt <returnStmt> (64)
        on left: 37
        on right: 29
    continuestmt <continueStmt> (65)
        on left: 38
        on right: 28
    breakstmt <breakStmt> (66)
        on left: 39
        on right: 27
    expr <expr> (67)
        on left: 40 41 42 43 44 45 46 47 48 49 50 51 52 53 54 55 56 57 58 59 60 61 62 63 64 65 66
        on right: 23 31 32 33 36 40 46 48 49 50 51 52 53 54 55 56 57 58 59 60 61 62 63 64 65 66 72
    call <call> (68)
        on left: 67
        on right: 45
    option_actual_list <actuals> (69)
        on left: 68 69
        on right: 67
    actual_list <actuals> (70)
        on left: 70 71
        on right: 69 71
    actual <actual> (71)
        on left: 72
        on right: 70 71


状态 0

    0 $accept: . program $end

    FUNC  偏移，并进入状态 1
    VAR   偏移，并进入状态 2

    program       转到状态 3
    decl_list     转到状态 4
    decl          转到状态 5
    calldecl      转到状态 6
    variabledecl  转到状态 7


状态 1

   11 calldecl: FUNC . OBJECTID '(' option_variable_list ')' TYPEID stmtblock

    OBJECTID  偏移，并进入状态 8


状态 2

   19 variabledecl: VAR . variable ';'

    OBJECTID  偏移，并进入状态 9

    variable  转到状态 10


状态 3

    0 $accept: program . $end

    $end  偏移，并进入状态 11


状态 4

    1 program: decl_list .
    3 decl_list: decl_list . decl

    FUNC  偏移，并进入状态 1
    VAR   偏移，并进入状态 2

    $default  使用规则 1 以归约 (program)

    decl          转到状态 12
    calldecl      转到状态 6
    variabledecl  转到状态 7


状态 5

    2 decl_list: decl .

    $default  使用规则 2 以归约 (decl_list)


状态 6

    5 decl: calldecl .

    $default  使用规则 5 以归约 (decl)


状态 7

    4 decl: variabledecl .

    $default  使用规则 4 以归约 (decl)


状态 8

   11 calldecl: FUNC OBJECTID . '(' option_variable_list ')' TYPEID stmtblock

    '('  偏移，并进入状态 13


状态 9

   10 variable: OBJECTID . TYPEID

    TYPEID  偏移，并进入状态 14


状态 10

   19 variabledecl: VAR variable . ';'

    ';'  偏移，并进入状态 15


状态 11

    0 $accept: program $end .

    $default  接受


状态 12

    3 decl_list: decl_list decl .

    $default  使用规则 3 以归约 (decl_list)


状态 13

   11 calldecl: FUNC OBJECTID '(' . option_variable_list ')' TYPEID stmtblock

    OBJECTID  偏移，并进入状态 9

    $default  使用规则 6 以归约 (option_variable_list)

    option_variable_list  转到状态 16
    variable_list         转到状态 17
    variable              转到状态 18


状态 14

   10 variable: OBJECTID TYPEID .

    $default  使用规则 10 以归约 (variable)


状态 15

   19 variabledecl: VAR variable ';' .

    $default  使用规则 19 以归约 (variabledecl)


状态 16

   11 calldecl: FUNC OBJECTID '(' option_variable_list . ')' TYPEID stmtblock

    ')'  偏移，并进入状态 19


状态 17

    7 option_variable_list: variable_list .
    9 variable_list: variable_list . ',' variable

    ','  偏移，并进入状态 20

    $default  使用规则 7 以归约 (option_variable_list)


状态 18

    8 variable_list: variable .

    $default  使用规则 8 以归约 (variable_list)


状态 19

   11 calldecl: FUNC OBJECTID '(' option_variable_list ')' . TYPEID stmtblock

    TYPEID  偏移，并进入状态 21


状态 20

    9 variable_list: variable_list ',' . variable

    OBJECTID  偏移，并进入状态 9

    variable  转到状态 22


状态 21

   11 calldecl: FUNC OBJECTID '(' option_variable_list ')' TYPEID . stmtblock

    '{'  偏移，并进入状态 23

    stmtblock  转到状态 24


状态 22

    9 variable_list: variable_list ',' variable .

    $default  使用规则 9 以归约 (variable_list)


状态 23

   12 stmtblock: '{' . option_variabledecl_list option_stmt_list '}'

    VAR  偏移，并进入状态 2

    $default  使用规则 13 以归约 (option_variabledecl_list)

    option_variabledecl_list  转到状态 25
    variabledecl_list         转到状态 26
    variabledecl              转到状态 27


状态 24

   11 calldecl: FUNC OBJECTID '(' option_variable_list ')' TYPEID stmtblock .

    $default  使用规则 11 以归约 (calldecl)


状态 25

   12 stmtblock: '{' option_variabledecl_list . option_stmt_list '}'

    IF            偏移，并进入状态 28
    WHILE         偏移，并进入状态 29
    FOR           偏移，并进入状态 30
    BREAK         偏移，并进入状态 31
    CONTINUE      偏移，并进入状态 32
    RETURN        偏移，并进入状态 33
    CONST_BOOL    偏移，并进入状态 34
    CONST_INT     偏移，并进入状态 35
    CONST_STRING  偏移，并进入状态 36
    CONST_FLOAT   偏移，并进入状态 37
    OBJECTID      偏移，并进入状态 38
    '-'           偏移，并进入状态 39
    '!'           偏移，并进入状态 40
    '~'           偏移，并进入状态 41
    '('           偏移，并进入状态 42
    '{'           偏移，并进入状态 23
    ';'           偏移，并进入状态 43

    $default  使用规则 15 以归约 (option_stmt_list)

    stmtblock         转到状态 44
    option_stmt_list  转到状态 45
    stmt_list         转到状态 46
    stmt              转到状态 47
    ifstmt            转到状态 48
    whilestmt         转到状态 49
    forstmt           转到状态 50
    returnstmt        转到状态 51
    continuestmt      转到状态 52
    breakstmt         转到状态 53
    expr              转到状态 54
    call              转到状态 55


状态 26

   14 option_variabledecl_list: variabledecl_list .
   18 variabledecl_list: variabledecl_list . variabledecl

    VAR  偏移，并进入状态 2

    $default  使用规则 14 以归约 (option_variabledecl_list)

    variabledecl  转到状态 56


状态 27

   17 variabledecl_list: variabledecl .

    $default  使用规则 17 以归约 (variabledecl_list)


状态 28

   31 ifstmt: IF . expr stmtblock
   32       | IF . expr stmtblock ELSE stmtblock

    CONST_BOOL    偏移，并进入状态 34
    CONST_INT     偏移，并进入状态 35
    CONST_STRING  偏移，并进入状态 36
    CONST_FLOAT   偏移，并进入状态 37
    OBJECTID      偏移，并进入状态 38
    '-'           偏移，并进入状态 39
    '!'           偏移，并进入状态 40
    '~'           偏移，并进入状态 41
    '('           偏移，并进入状态 42

    expr  转到状态 57
    call  转到状态 55


状态 29

   33 whilestmt: WHILE . expr stmtblock

    CONST_BOOL    偏移，并进入状态 34
    CONST_INT     偏移，并进入状态 35
    CONST_STRING  偏移，并进入状态 36
    CONST_FLOAT   偏移，并进入状态 37
    OBJECTID      偏移，并进入状态 38
    '-'           偏移，并进入状态 39
    '!'           偏移，并进入状态 40
    '~'           偏移，并进入状态 41
    '('           偏移，并进入状态 42

    expr  转到状态 58
    call  转到状态 55


状态 30

   34 forstmt: FOR . option_expr ';' option_expr ';' option_expr stmtblock

    CONST_BOOL    偏移，并进入状态 34
    CONST_INT     偏移，并进入状态 35
    CONST_STRING  偏移，并进入状态 36
    CONST_FLOAT   偏移，并进入状态 37
    OBJECTID      偏移，并进入状态 38
    '-'           偏移，并进入状态 39
    '!'           偏移，并进入状态 40
    '~'           偏移，并进入状态 41
    '('           偏移，并进入状态 42

    $default  使用规则 35 以归约 (option_expr)

    option_expr  转到状态 59
    expr         转到状态 60
    call         转到状态 55


状态 31

   39 breakstmt: BREAK . ';'

    ';'  偏移，并进入状态 61


状态 32

   38 continuestmt: CONTINUE . ';'

    ';'  偏移，并进入状态 62


状态 33

   37 returnstmt: RETURN . option_expr ';'

    CONST_BOOL    偏移，并进入状态 34
    CONST_INT     偏移，并进入状态 35
    CONST_STRING  偏移，并进入状态 36
    CONST_FLOAT   偏移，并进入状态 37
    OBJECTID      偏移，并进入状态 38
    '-'           偏移，并进入状态 39
    '!'           偏移，并进入状态 40
    '~'           偏移，并进入状态 41
    '('           偏移，并进入状态 42

    $default  使用规则 35 以归约 (option_expr)

    option_expr  转到状态 63
    expr         转到状态 60
    call         转到状态 55


状态 34

   41 expr: CONST_BOOL .

    $default  使用规则 41 以归约 (expr)


状态 35

   42 expr: CONST_INT .

    $default  使用规则 42 以归约 (expr)


状态 36

   44 expr: CONST_STRING .

    $default  使用规则 44 以归约 (expr)


状态 37

   43 expr: CONST_FLOAT .

    $default  使用规则 43 以归约 (expr)


状态 38

   40 expr: OBJECTID . '=' expr
   47     | OBJECTID .
   67 call: OBJECTID . '(' option_actual_list ')'

    '='  偏移，并进入状态 64
    '('  偏移，并进入状态 65

    $default  使用规则 47 以归约 (expr)


状态 39

   53 expr: '-' . expr

    CONST_BOOL    偏移，并进入状态 34
    CONST_INT     偏移，并进入状态 35
    CONST_STRING  偏移，并进入状态 36
    CONST_FLOAT   偏移，并进入状态 37
    OBJECTID      偏移，并进入状态 38
    '-'           偏移，并进入状态 39
    '!'           偏移，并进入状态 40
    '~'           偏移，并进入状态 41
    '('           偏移，并进入状态 42

    expr  转到状态 66
    call  转到状态 55


状态 40

   63 expr: '!' . expr

    CONST_BOOL    偏移，并进入状态 34
    CONST_INT     偏移，并进入状态 35
    CONST_STRING  偏移，并进入状态 36
    CONST_FLOAT   偏移，并进入状态 37
    OBJECTID      偏移，并进入状态 38
    '-'           偏移，并进入状态 39
    '!'           偏移，并进入状态 40
    '~'           偏移，并进入状态 41
    '('           偏移，并进入状态 42

    expr  转到状态 67
    call  转到状态 55


状态 41

   64 expr: '~' . expr

    CONST_BOOL    偏移，并进入状态 34
    CONST_INT     偏移，并进入状态 35
    CONST_STRING  偏移，并进入状态 36
    CONST_FLOAT   偏移，并进入状态 37
    OBJECTID      偏移，并进入状态 38
    '-'           偏移，并进入状态 39
    '!'           偏移，并进入状态 40
    '~'           偏移，并进入状态 41
    '('           偏移，并进入状态 42

    expr  转到状态 68
    call  转到状态 55


状态 42

   46 expr: '(' . expr ')'

    CONST_BOOL    偏移，并进入状态 34
    CONST_INT     偏移，并进入状态 35
    CONST_STRING  偏移，并进入状态 36
    CONST_FLOAT   偏移，并进入状态 37
    OBJECTID      偏移，并进入状态 38
    '-'           偏移，并进入状态 39
    '!'           偏移，并进入状态 40
    '~'           偏移，并进入状态 41
    '('           偏移，并进入状态 42

    expr  转到状态 69
    call  转到状态 55


状态 43

   22 stmt: ';' .

    $default  使用规则 22 以归约 (stmt)


状态 44

   30 stmt: stmtblock .

    $default  使用规则 30 以归约 (stmt)


状态 45

   12 stmtblock: '{' option_variabledecl_list option_stmt_list . '}'

    '}'  偏移，并进入状态 70


状态 46

   16 option_stmt_list: stmt_list .
   21 stmt_list: stmt_list . stmt

    IF            偏移，并进入状态 28
    WHILE         偏移，并进入状态 29
    FOR           偏移，并进入状态 30
    BREAK         偏移，并进入状态 31
    CONTINUE      偏移，并进入状态 32
    RETURN        偏移，并进入状态 33
    CONST_BOOL    偏移，并进入状态 34
    CONST_INT     偏移，并进入状态 35
    CONST_STRING  偏移，并进入状态 36
    CONST_FLOAT   偏移，并进入状态 37
    OBJECTID      偏移，并进入状态 38
    '-'           偏移，并进入状态 39
    '!'           偏移，并进入状态 40
    '~'           偏移，并进入状态 41
    '('           偏移，并进入状态 42
    '{'           偏移，并进入状态 23
    ';'           偏移，并进入状态 43

    $default  使用规则 16 以归约 (option_stmt_list)

    stmtblock     转到状态 44
    stmt          转到状态 71
    ifstmt        转到状态 48
    whilestmt     转到状态 49
    forstmt       转到状态 50
    returnstmt    转到状态 51
    continuestmt  转到状态 52
    breakstmt     转到状态 53
    expr          转到状态 54
    call          转到状态 55


状态 47

   20 stmt_list: stmt .

    $default  使用规则 20 以归约 (stmt_list)


状态 48

   24 stmt: ifstmt .

    $default  使用规则 24 以归约 (stmt)


状态 49

   25 stmt: whilestmt .

    $default  使用规则 25 以归约 (stmt)


状态 50

   26 stmt: forstmt .

    $default  使用规则 26 以归约 (stmt)


状态 51

   29 stmt: returnstmt .

    $default  使用规则 29 以归约 (stmt)


状态 52

   28 stmt: continuestmt .

    $default  使用规则 28 以归约 (stmt)


状态 53

   27 stmt: breakstmt .

    $default  使用规则 27 以归约 (stmt)


状态 54

   23 stmt: expr . ';'
   48 expr: expr . '+' expr
   49     | expr . '-' expr
   50     | expr . '*' expr
   51     | expr . '/' expr
   52     | expr . '%' expr
   54     | expr . '<' expr
   55     | expr . LE expr
   56     | expr . EQUAL expr
   57     | expr . NE expr
   58     | expr . GE expr
   59     | expr . '>' expr
   60     | expr . AND expr
   61     | expr . OR expr
   62     | expr . '^' expr
   65     | expr . '&' expr
   66     | expr . '|' expr

    AND    偏移，并进入状态 72
    OR     偏移，并进入状态 73
    EQUAL  偏移，并进入状态 74
    NE     偏移，并进入状态 75
    GE     偏移，并进入状态 76
    LE     偏移，并进入状态 77
    '<'    偏移，并进入状态 78
    '>'    偏移，并进入状态 79
    '+'    偏移，并进入状态 80
    '-'    偏移，并进入状态 81
    '*'    偏移，并进入状态 82
    '/'    偏移，并进入状态 83
    '%'    偏移，并进入状态 84
    '&'    偏移，并进入状态 85
    '|'    偏移，并进入状态 86
    '^'    偏移，并进入状态 87
    ';'    偏移，并进入状态 88


状态 55

   45 expr: call .

    $default  使用规则 45 以归约 (expr)


状态 56

   18 variabledecl_list: variabledecl_list variabledecl .

    $default  使用规则 18 以归约 (variabledecl_list)


状态 57

   31 ifstmt: IF expr . stmtblock
   32       | IF expr . stmtblock ELSE stmtblock
   48 expr: expr . '+' expr
   49     | expr . '-' expr
   50     | expr . '*' expr
   51     | expr . '/' expr
   52     | expr . '%' expr
   54     | expr . '<' expr
   55     | expr . LE expr
   56     | expr . EQUAL expr
   57     | expr . NE expr
   58     | expr . GE expr
   59     | expr . '>' expr
   60     | expr . AND expr
   61     | expr . OR expr
   62     | expr . '^' expr
   65     | expr . '&' expr
   66     | expr . '|' expr

    AND    偏移，并进入状态 72
    OR     偏移，并进入状态 73
    EQUAL  偏移，并进入状态 74
    NE     偏移，并进入状态 75
    GE     偏移，并进入状态 76
    LE     偏移，并进入状态 77
    '<'    偏移，并进入状态 78
    '>'    偏移，并进入状态 79
    '+'    偏移，并进入状态 80
    '-'    偏移，并进入状态 81
    '*'    偏移，并进入状态 82
    '/'    偏移，并进入状态 83
    '%'    偏移，并进入状态 84
    '&'    偏移，并进入状态 85
    '|'    偏移，并进入状态 86
    '^'    偏移，并进入状态 87
    '{'    偏移，并进入状态 23

    stmtblock  转到状态 89


状态 58

   33 whilestmt: WHILE expr . stmtblock
   48 expr: expr . '+' expr
   49     | expr . '-' expr
   50     | expr . '*' expr
   51     | expr . '/' expr
   52     | expr . '%' expr
   54     | expr . '<' expr
   55     | expr . LE expr
   56     | expr . EQUAL expr
   57     | expr . NE expr
   58     | expr . GE expr
   59     | expr . '>' expr
   60     | expr . AND expr
   61     | expr . OR expr
   62     | expr . '^' expr
   65     | expr . '&' expr
   66     | expr . '|' expr

    AND    偏移，并进入状态 72
    OR     偏移，并进入状态 73
    EQUAL  偏移，并进入状态 74
    NE     偏移，并进入状态 75
    GE     偏移，并进入状态 76
    LE     偏移，并进入状态 77
    '<'    偏移，并进入状态 78
    '>'    偏移，并进入状态 79
    '+'    偏移，并进入状态 80
    '-'    偏移，并进入状态 81
    '*'    偏移，并进入状态 82
    '/'    偏移，并进入状态 83
    '%'    偏移，并进入状态 84
    '&'    偏移，并进入状态 85
    '|'    偏移，并进入状态 86
    '^'    偏移，并进入状态 87
    '{'    偏移，并进入状态 23

    stmtblock  转到状态 90


状态 59

   34 forstmt: FOR option_expr . ';' option_expr ';' option_expr stmtblock

    ';'  偏移，并进入状态 91


状态 60

   36 option_expr: expr .
   48 expr: expr . '+' expr
   49     | expr . '-' expr
   50     | expr . '*' expr
   51     | expr . '/' expr
   52     | expr . '%' expr
   54     | expr . '<' expr
   55     | expr . LE expr
   56     | expr . EQUAL expr
   57     | expr . NE expr
   58     | expr . GE expr
   59     | expr . '>' expr
   60     | expr . AND expr
   61     | expr . OR expr
   62     | expr . '^' expr
   65     | expr . '&' expr
   66     | expr . '|' expr

    AND    偏移，并进入状态 72
    OR     偏移，并进入状态 73
    EQUAL  偏移，并进入状态 74
    NE     偏移，并进入状态 75
    GE     偏移，并进入状态 76
    LE     偏移，并进入状态 77
    '<'    偏移，并进入状态 78
    '>'    偏移，并进入状态 79
    '+'    偏移，并进入状态 80
    '-'    偏移，并进入状态 81
    '*'    偏移，并进入状态 82
    '/'    偏移，并进入状态 83
    '%'    偏移，并进入状态 84
    '&'    偏移，并进入状态 85
    '|'    偏移，并进入状态 86
    '^'    偏移，并进入状态 87

    $default  使用规则 36 以归约 (option_expr)


状态 61

   39 breakstmt: BREAK ';' .

    $default  使用规则 39 以归约 (breakstmt)


状态 62

   38 continuestmt: CONTINUE ';' .

    $default  使用规则 38 以归约 (continuestmt)


状态 63

   37 returnstmt: RETURN option_expr . ';'

    ';'  偏移，并进入状态 92


状态 64

   40 expr: OBJECTID '=' . expr

    CONST_BOOL    偏移，并进入状态 34
    CONST_INT     偏移，并进入状态 35
    CONST_STRING  偏移，并进入状态 36
    CONST_FLOAT   偏移，并进入状态 37
    OBJECTID      偏移，并进入状态 38
    '-'           偏移，并进入状态 39
    '!'           偏移，并进入状态 40
    '~'           偏移，并进入状态 41
    '('           偏移，并进入状态 42

    expr  转到状态 93
    call  转到状态 55


状态 65

   67 call: OBJECTID '(' . option_actual_list ')'

    CONST_BOOL    偏移，并进入状态 34
    CONST_INT     偏移，并进入状态 35
    CONST_STRING  偏移，并进入状态 36
    CONST_FLOAT   偏移，并进入状态 37
    OBJECTID      偏移，并进入状态 38
    '-'           偏移，并进入状态 39
    '!'           偏移，并进入状态 40
    '~'           偏移，并进入状态 41
    '('           偏移，并进入状态 42

    $default  使用规则 68 以归约 (option_actual_list)

    expr                转到状态 94
    call                转到状态 55
    option_actual_list  转到状态 95
    actual_list         转到状态 96
    actual              转到状态 97


状态 66

   48 expr: expr . '+' expr
   49     | expr . '-' expr
   50     | expr . '*' expr
   51     | expr . '/' expr
   52     | expr . '%' expr
   53     | '-' expr .
   54     | expr . '<' expr
   55     | expr . LE expr
   56     | expr . EQUAL expr
   57     | expr . NE expr
   58     | expr . GE expr
   59     | expr . '>' expr
   60     | expr . AND expr
   61     | expr . OR expr
   62     | expr . '^' expr
   65     | expr . '&' expr
   66     | expr . '|' expr

    '&'  偏移，并进入状态 85
    '|'  偏移，并进入状态 86
    '^'  偏移，并进入状态 87

    $default  使用规则 53 以归约 (expr)


状态 67

   48 expr: expr . '+' expr
   49     | expr . '-' expr
   50     | expr . '*' expr
   51     | expr . '/' expr
   52     | expr . '%' expr
   54     | expr . '<' expr
   55     | expr . LE expr
   56     | expr . EQUAL expr
   57     | expr . NE expr
   58     | expr . GE expr
   59     | expr . '>' expr
   60     | expr . AND expr
   61     | expr . OR expr
   62     | expr . '^' expr
   63     | '!' expr .
   65     | expr . '&' expr
   66     | expr . '|' expr

    '&'  偏移，并进入状态 85
    '|'  偏移，并进入状态 86
    '^'  偏移，并进入状态 87

    $default  使用规则 63 以归约 (expr)


状态 68

   48 expr: expr . '+' expr
   49     | expr . '-' expr
   50     | expr . '*' expr
   51     | expr . '/' expr
   52     | expr . '%' expr
   54     | expr . '<' expr
   55     | expr . LE expr
   56     | expr . EQUAL expr
   57     | expr . NE expr
   58     | expr . GE expr
   59     | expr . '>' expr
   60     | expr . AND expr
   61     | expr . OR expr
   62     | expr . '^' expr
   64     | '~' expr .
   65     | expr . '&' expr
   66     | expr . '|' expr

    '&'  错误 (非相联的)
    '|'  错误 (非相联的)
    '^'  错误 (非相联的)

    $default  使用规则 64 以归约 (expr)


状态 69

   46 expr: '(' expr . ')'
   48     | expr . '+' expr
   49     | expr . '-' expr
   50     | expr . '*' expr
   51     | expr . '/' expr
   52     | expr . '%' expr
   54     | expr . '<' expr
   55     | expr . LE expr
   56     | expr . EQUAL expr
   57     | expr . NE expr
   58     | expr . GE expr
   59     | expr . '>' expr
   60     | expr . AND expr
   61     | expr . OR expr
   62     | expr . '^' expr
   65     | expr . '&' expr
   66     | expr . '|' expr

    AND    偏移，并进入状态 72
    OR     偏移，并进入状态 73
    EQUAL  偏移，并进入状态 74
    NE     偏移，并进入状态 75
    GE     偏移，并进入状态 76
    LE     偏移，并进入状态 77
    '<'    偏移，并进入状态 78
    '>'    偏移，并进入状态 79
    '+'    偏移，并进入状态 80
    '-'    偏移，并进入状态 81
    '*'    偏移，并进入状态 82
    '/'    偏移，并进入状态 83
    '%'    偏移，并进入状态 84
    '&'    偏移，并进入状态 85
    '|'    偏移，并进入状态 86
    '^'    偏移，并进入状态 87
    ')'    偏移，并进入状态 98


状态 70

   12 stmtblock: '{' option_variabledecl_list option_stmt_list '}' .

    $default  使用规则 12 以归约 (stmtblock)


状态 71

   21 stmt_list: stmt_list stmt .

    $default  使用规则 21 以归约 (stmt_list)


状态 72

   60 expr: expr AND . expr

    CONST_BOOL    偏移，并进入状态 34
    CONST_INT     偏移，并进入状态 35
    CONST_STRING  偏移，并进入状态 36
    CONST_FLOAT   偏移，并进入状态 37
    OBJECTID      偏移，并进入状态 38
    '-'           偏移，并进入状态 39
    '!'           偏移，并进入状态 40
    '~'           偏移，并进入状态 41
    '('           偏移，并进入状态 42

    expr  转到状态 99
    call  转到状态 55


状态 73

   61 expr: expr OR . expr

    CONST_BOOL    偏移，并进入状态 34
    CONST_INT     偏移，并进入状态 35
    CONST_STRING  偏移，并进入状态 36
    CONST_FLOAT   偏移，并进入状态 37
    OBJECTID      偏移，并进入状态 38
    '-'           偏移，并进入状态 39
    '!'           偏移，并进入状态 40
    '~'           偏移，并进入状态 41
    '('           偏移，并进入状态 42

    expr  转到状态 100
    call  转到状态 55


状态 74

   56 expr: expr EQUAL . expr

    CONST_BOOL    偏移，并进入状态 34
    CONST_INT     偏移，并进入状态 35
    CONST_STRING  偏移，并进入状态 36
    CONST_FLOAT   偏移，并进入状态 37
    OBJECTID      偏移，并进入状态 38
    '-'           偏移，并进入状态 39
    '!'           偏移，并进入状态 40
    '~'           偏移，并进入状态 41
    '('           偏移，并进入状态 42

    expr  转到状态 101
    call  转到状态 55


状态 75

   57 expr: expr NE . expr

    CONST_BOOL    偏移，并进入状态 34
    CONST_INT     偏移，并进入状态 35
    CONST_STRING  偏移，并进入状态 36
    CONST_FLOAT   偏移，并进入状态 37
    OBJECTID      偏移，并进入状态 38
    '-'           偏移，并进入状态 39
    '!'           偏移，并进入状态 40
    '~'           偏移，并进入状态 41
    '('           偏移，并进入状态 42

    expr  转到状态 102
    call  转到状态 55


状态 76

   58 expr: expr GE . expr

    CONST_BOOL    偏移，并进入状态 34
    CONST_INT     偏移，并进入状态 35
    CONST_STRING  偏移，并进入状态 36
    CONST_FLOAT   偏移，并进入状态 37
    OBJECTID      偏移，并进入状态 38
    '-'           偏移，并进入状态 39
    '!'           偏移，并进入状态 40
    '~'           偏移，并进入状态 41
    '('           偏移，并进入状态 42

    expr  转到状态 103
    call  转到状态 55


状态 77

   55 expr: expr LE . expr

    CONST_BOOL    偏移，并进入状态 34
    CONST_INT     偏移，并进入状态 35
    CONST_STRING  偏移，并进入状态 36
    CONST_FLOAT   偏移，并进入状态 37
    OBJECTID      偏移，并进入状态 38
    '-'           偏移，并进入状态 39
    '!'           偏移，并进入状态 40
    '~'           偏移，并进入状态 41
    '('           偏移，并进入状态 42

    expr  转到状态 104
    call  转到状态 55


状态 78

   54 expr: expr '<' . expr

    CONST_BOOL    偏移，并进入状态 34
    CONST_INT     偏移，并进入状态 35
    CONST_STRING  偏移，并进入状态 36
    CONST_FLOAT   偏移，并进入状态 37
    OBJECTID      偏移，并进入状态 38
    '-'           偏移，并进入状态 39
    '!'           偏移，并进入状态 40
    '~'           偏移，并进入状态 41
    '('           偏移，并进入状态 42

    expr  转到状态 105
    call  转到状态 55


状态 79

   59 expr: expr '>' . expr

    CONST_BOOL    偏移，并进入状态 34
    CONST_INT     偏移，并进入状态 35
    CONST_STRING  偏移，并进入状态 36
    CONST_FLOAT   偏移，并进入状态 37
    OBJECTID      偏移，并进入状态 38
    '-'           偏移，并进入状态 39
    '!'           偏移，并进入状态 40
    '~'           偏移，并进入状态 41
    '('           偏移，并进入状态 42

    expr  转到状态 106
    call  转到状态 55


状态 80

   48 expr: expr '+' . expr

    CONST_BOOL    偏移，并进入状态 34
    CONST_INT     偏移，并进入状态 35
    CONST_STRING  偏移，并进入状态 36
    CONST_FLOAT   偏移，并进入状态 37
    OBJECTID      偏移，并进入状态 38
    '-'           偏移，并进入状态 39
    '!'           偏移，并进入状态 40
    '~'           偏移，并进入状态 41
    '('           偏移，并进入状态 42

    expr  转到状态 107
    call  转到状态 55


状态 81

   49 expr: expr '-' . expr

    CONST_BOOL    偏移，并进入状态 34
    CONST_INT     偏移，并进入状态 35
    CONST_STRING  偏移，并进入状态 36
    CONST_FLOAT   偏移，并进入状态 37
    OBJECTID      偏移，并进入状态 38
    '-'           偏移，并进入状态 39
    '!'           偏移，并进入状态 40
    '~'           偏移，并进入状态 41
    '('           偏移，并进入状态 42

    expr  转到状态 108
    call  转到状态 55


状态 82

   50 expr: expr '*' . expr

    CONST_BOOL    偏移，并进入状态 34
    CONST_INT     偏移，并进入状态 35
    CONST_STRING  偏移，并进入状态 36
    CONST_FLOAT   偏移，并进入状态 37
    OBJECTID      偏移，并进入状态 38
    '-'           偏移，并进入状态 39
    '!'           偏移，并进入状态 40
    '~'           偏移，并进入状态 41
    '('           偏移，并进入状态 42

    expr  转到状态 109
    call  转到状态 55


状态 83

   51 expr: expr '/' . expr

    CONST_BOOL    偏移，并进入状态 34
    CONST_INT     偏移，并进入状态 35
    CONST_STRING  偏移，并进入状态 36
    CONST_FLOAT   偏移，并进入状态 37
    OBJECTID      偏移，并进入状态 38
    '-'           偏移，并进入状态 39
    '!'           偏移，并进入状态 40
    '~'           偏移，并进入状态 41
    '('           偏移，并进入状态 42

    expr  转到状态 110
    call  转到状态 55


状态 84

   52 expr: expr '%' . expr

    CONST_BOOL    偏移，并进入状态 34
    CONST_INT     偏移，并进入状态 35
    CONST_STRING  偏移，并进入状态 36
    CONST_FLOAT   偏移，并进入状态 37
    OBJECTID      偏移，并进入状态 38
    '-'           偏移，并进入状态 39
    '!'           偏移，并进入状态 40
    '~'           偏移，并进入状态 41
    '('           偏移，并进入状态 42

    expr  转到状态 111
    call  转到状态 55


状态 85

   65 expr: expr '&' . expr

    CONST_BOOL    偏移，并进入状态 34
    CONST_INT     偏移，并进入状态 35
    CONST_STRING  偏移，并进入状态 36
    CONST_FLOAT   偏移，并进入状态 37
    OBJECTID      偏移，并进入状态 38
    '-'           偏移，并进入状态 39
    '!'           偏移，并进入状态 40
    '~'           偏移，并进入状态 41
    '('           偏移，并进入状态 42

    expr  转到状态 112
    call  转到状态 55


状态 86

   66 expr: expr '|' . expr

    CONST_BOOL    偏移，并进入状态 34
    CONST_INT     偏移，并进入状态 35
    CONST_STRING  偏移，并进入状态 36
    CONST_FLOAT   偏移，并进入状态 37
    OBJECTID      偏移，并进入状态 38
    '-'           偏移，并进入状态 39
    '!'           偏移，并进入状态 40
    '~'           偏移，并进入状态 41
    '('           偏移，并进入状态 42

    expr  转到状态 113
    call  转到状态 55


状态 87

   62 expr: expr '^' . expr

    CONST_BOOL    偏移，并进入状态 34
    CONST_INT     偏移，并进入状态 35
    CONST_STRING  偏移，并进入状态 36
    CONST_FLOAT   偏移，并进入状态 37
    OBJECTID      偏移，并进入状态 38
    '-'           偏移，并进入状态 39
    '!'           偏移，并进入状态 40
    '~'           偏移，并进入状态 41
    '('           偏移，并进入状态 42

    expr  转到状态 114
    call  转到状态 55


状态 88

   23 stmt: expr ';' .

    $default  使用规则 23 以归约 (stmt)


状态 89

   31 ifstmt: IF expr stmtblock .
   32       | IF expr stmtblock . ELSE stmtblock

    ELSE  偏移，并进入状态 115

    $default  使用规则 31 以归约 (ifstmt)


状态 90

   33 whilestmt: WHILE expr stmtblock .

    $default  使用规则 33 以归约 (whilestmt)


状态 91

   34 forstmt: FOR option_expr ';' . option_expr ';' option_expr stmtblock

    CONST_BOOL    偏移，并进入状态 34
    CONST_INT     偏移，并进入状态 35
    CONST_STRING  偏移，并进入状态 36
    CONST_FLOAT   偏移，并进入状态 37
    OBJECTID      偏移，并进入状态 38
    '-'           偏移，并进入状态 39
    '!'           偏移，并进入状态 40
    '~'           偏移，并进入状态 41
    '('           偏移，并进入状态 42

    $default  使用规则 35 以归约 (option_expr)

    option_expr  转到状态 116
    expr         转到状态 60
    call         转到状态 55


状态 92

   37 returnstmt: RETURN option_expr ';' .

    $default  使用规则 37 以归约 (returnstmt)


状态 93

   40 expr: OBJECTID '=' expr .
   48     | expr . '+' expr
   49     | expr . '-' expr
   50     | expr . '*' expr
   51     | expr . '/' expr
   52     | expr . '%' expr
   54     | expr . '<' expr
   55     | expr . LE expr
   56     | expr . EQUAL expr
   57     | expr . NE expr
   58     | expr . GE expr
   59     | expr . '>' expr
   60     | expr . AND expr
   61     | expr . OR expr
   62     | expr . '^' expr
   65     | expr . '&' expr
   66     | expr . '|' expr

    AND    偏移，并进入状态 72
    OR     偏移，并进入状态 73
    EQUAL  偏移，并进入状态 74
    NE     偏移，并进入状态 75
    GE     偏移，并进入状态 76
    LE     偏移，并进入状态 77
    '<'    偏移，并进入状态 78
    '>'    偏移，并进入状态 79
    '+'    偏移，并进入状态 80
    '-'    偏移，并进入状态 81
    '*'    偏移，并进入状态 82
    '/'    偏移，并进入状态 83
    '%'    偏移，并进入状态 84
    '&'    偏移，并进入状态 85
    '|'    偏移，并进入状态 86
    '^'    偏移，并进入状态 87

    $default  使用规则 40 以归约 (expr)


状态 94

   48 expr: expr . '+' expr
   49     | expr . '-' expr
   50     | expr . '*' expr
   51     | expr . '/' expr
   52     | expr . '%' expr
   54     | expr . '<' expr
   55     | expr . LE expr
   56     | expr . EQUAL expr
   57     | expr . NE expr
   58     | expr . GE expr
   59     | expr . '>' expr
   60     | expr . AND expr
   61     | expr . OR expr
   62     | expr . '^' expr
   65     | expr . '&' expr
   66     | expr . '|' expr
   72 actual: expr .

    AND    偏移，并进入状态 72
    OR     偏移，并进入状态 73
    EQUAL  偏移，并进入状态 74
    NE     偏移，并进入状态 75
    GE     偏移，并进入状态 76
    LE     偏移，并进入状态 77
    '<'    偏移，并进入状态 78
    '>'    偏移，并进入状态 79
    '+'    偏移，并进入状态 80
    '-'    偏移，并进入状态 81
    '*'    偏移，并进入状态 82
    '/'    偏移，并进入状态 83
    '%'    偏移，并进入状态 84
    '&'    偏移，并进入状态 85
    '|'    偏移，并进入状态 86
    '^'    偏移，并进入状态 87

    $default  使用规则 72 以归约 (actual)


状态 95

   67 call: OBJECTID '(' option_actual_list . ')'

    ')'  偏移，并进入状态 117


状态 96

   69 option_actual_list: actual_list .
   71 actual_list: actual_list . ',' actual

    ','  偏移，并进入状态 118

    $default  使用规则 69 以归约 (option_actual_list)


状态 97

   70 actual_list: actual .

    $default  使用规则 70 以归约 (actual_list)


状态 98

   46 expr: '(' expr ')' .

    $default  使用规则 46 以归约 (expr)


状态 99

   48 expr: expr . '+' expr
   49     | expr . '-' expr
   50     | expr . '*' expr
   51     | expr . '/' expr
   52     | expr . '%' expr
   54     | expr . '<' expr
   55     | expr . LE expr
   56     | expr . EQUAL expr
   57     | expr . NE expr
   58     | expr . GE expr
   59     | expr . '>' expr
   60     | expr . AND expr
   60     | expr AND expr .
   61     | expr . OR expr
   62     | expr . '^' expr
   65     | expr . '&' expr
   66     | expr . '|' expr

    AND    偏移，并进入状态 72
    EQUAL  偏移，并进入状态 74
    NE     偏移，并进入状态 75
    GE     偏移，并进入状态 76
    LE     偏移，并进入状态 77
    '<'    偏移，并进入状态 78
    '>'    偏移，并进入状态 79
    '+'    偏移，并进入状态 80
    '-'    偏移，并进入状态 81
    '*'    偏移，并进入状态 82
    '/'    偏移，并进入状态 83
    '%'    偏移，并进入状态 84
    '&'    偏移，并进入状态 85
    '|'    偏移，并进入状态 86
    '^'    偏移，并进入状态 87

    $default  使用规则 60 以归约 (expr)


状态 100

   48 expr: expr . '+' expr
   49     | expr . '-' expr
   50     | expr . '*' expr
   51     | expr . '/' expr
   52     | expr . '%' expr
   54     | expr . '<' expr
   55     | expr . LE expr
   56     | expr . EQUAL expr
   57     | expr . NE expr
   58     | expr . GE expr
   59     | expr . '>' expr
   60     | expr . AND expr
   61     | expr . OR expr
   61     | expr OR expr .
   62     | expr . '^' expr
   65     | expr . '&' expr
   66     | expr . '|' expr

    AND    偏移，并进入状态 72
    OR     偏移，并进入状态 73
    EQUAL  偏移，并进入状态 74
    NE     偏移，并进入状态 75
    GE     偏移，并进入状态 76
    LE     偏移，并进入状态 77
    '<'    偏移，并进入状态 78
    '>'    偏移，并进入状态 79
    '+'    偏移，并进入状态 80
    '-'    偏移，并进入状态 81
    '*'    偏移，并进入状态 82
    '/'    偏移，并进入状态 83
    '%'    偏移，并进入状态 84
    '&'    偏移，并进入状态 85
    '|'    偏移，并进入状态 86
    '^'    偏移，并进入状态 87

    $default  使用规则 61 以归约 (expr)


状态 101

   48 expr: expr . '+' expr
   49     | expr . '-' expr
   50     | expr . '*' expr
   51     | expr . '/' expr
   52     | expr . '%' expr
   54     | expr . '<' expr
   55     | expr . LE expr
   56     | expr . EQUAL expr
   56     | expr EQUAL expr .
   57     | expr . NE expr
   58     | expr . GE expr
   59     | expr . '>' expr
   60     | expr . AND expr
   61     | expr . OR expr
   62     | expr . '^' expr
   65     | expr . '&' expr
   66     | expr . '|' expr

    GE   偏移，并进入状态 76
    LE   偏移，并进入状态 77
    '<'  偏移，并进入状态 78
    '>'  偏移，并进入状态 79
    '+'  偏移，并进入状态 80
    '-'  偏移，并进入状态 81
    '*'  偏移，并进入状态 82
    '/'  偏移，并进入状态 83
    '%'  偏移，并进入状态 84
    '&'  偏移，并进入状态 85
    '|'  偏移，并进入状态 86
    '^'  偏移，并进入状态 87

    EQUAL  错误 (非相联的)
    NE     错误 (非相联的)

    $default  使用规则 56 以归约 (expr)


状态 102

   48 expr: expr . '+' expr
   49     | expr . '-' expr
   50     | expr . '*' expr
   51     | expr . '/' expr
   52     | expr . '%' expr
   54     | expr . '<' expr
   55     | expr . LE expr
   56     | expr . EQUAL expr
   57     | expr . NE expr
   57     | expr NE expr .
   58     | expr . GE expr
   59     | expr . '>' expr
   60     | expr . AND expr
   61     | expr . OR expr
   62     | expr . '^' expr
   65     | expr . '&' expr
   66     | expr . '|' expr

    GE   偏移，并进入状态 76
    LE   偏移，并进入状态 77
    '<'  偏移，并进入状态 78
    '>'  偏移，并进入状态 79
    '+'  偏移，并进入状态 80
    '-'  偏移，并进入状态 81
    '*'  偏移，并进入状态 82
    '/'  偏移，并进入状态 83
    '%'  偏移，并进入状态 84
    '&'  偏移，并进入状态 85
    '|'  偏移，并进入状态 86
    '^'  偏移，并进入状态 87

    EQUAL  错误 (非相联的)
    NE     错误 (非相联的)

    $default  使用规则 57 以归约 (expr)


状态 103

   48 expr: expr . '+' expr
   49     | expr . '-' expr
   50     | expr . '*' expr
   51     | expr . '/' expr
   52     | expr . '%' expr
   54     | expr . '<' expr
   55     | expr . LE expr
   56     | expr . EQUAL expr
   57     | expr . NE expr
   58     | expr . GE expr
   58     | expr GE expr .
   59     | expr . '>' expr
   60     | expr . AND expr
   61     | expr . OR expr
   62     | expr . '^' expr
   65     | expr . '&' expr
   66     | expr . '|' expr

    '+'  偏移，并进入状态 80
    '-'  偏移，并进入状态 81
    '*'  偏移，并进入状态 82
    '/'  偏移，并进入状态 83
    '%'  偏移，并进入状态 84
    '&'  偏移，并进入状态 85
    '|'  偏移，并进入状态 86
    '^'  偏移，并进入状态 87

    GE   错误 (非相联的)
    LE   错误 (非相联的)
    '<'  错误 (非相联的)
    '>'  错误 (非相联的)

    $default  使用规则 58 以归约 (expr)


状态 104

   48 expr: expr . '+' expr
   49     | expr . '-' expr
   50     | expr . '*' expr
   51     | expr . '/' expr
   52     | expr . '%' expr
   54     | expr . '<' expr
   55     | expr . LE expr
   55     | expr LE expr .
   56     | expr . EQUAL expr
   57     | expr . NE expr
   58     | expr . GE expr
   59     | expr . '>' expr
   60     | expr . AND expr
   61     | expr . OR expr
   62     | expr . '^' expr
   65     | expr . '&' expr
   66     | expr . '|' expr

    '+'  偏移，并进入状态 80
    '-'  偏移，并进入状态 81
    '*'  偏移，并进入状态 82
    '/'  偏移，并进入状态 83
    '%'  偏移，并进入状态 84
    '&'  偏移，并进入状态 85
    '|'  偏移，并进入状态 86
    '^'  偏移，并进入状态 87

    GE   错误 (非相联的)
    LE   错误 (非相联的)
    '<'  错误 (非相联的)
    '>'  错误 (非相联的)

    $default  使用规则 55 以归约 (expr)


状态 105

   48 expr: expr . '+' expr
   49     | expr . '-' expr
   50     | expr . '*' expr
   51     | expr . '/' expr
   52     | expr . '%' expr
   54     | expr . '<' expr
   54     | expr '<' expr .
   55     | expr . LE expr
   56     | expr . EQUAL expr
   57     | expr . NE expr
   58     | expr . GE expr
   59     | expr . '>' expr
   60     | expr . AND expr
   61     | expr . OR expr
   62     | expr . '^' expr
   65     | expr . '&' expr
   66     | expr . '|' expr

    '+'  偏移，并进入状态 80
    '-'  偏移，并进入状态 81
    '*'  偏移，并进入状态 82
    '/'  偏移，并进入状态 83
    '%'  偏移，并进入状态 84
    '&'  偏移，并进入状态 85
    '|'  偏移，并进入状态 86
    '^'  偏移，并进入状态 87

    GE   错误 (非相联的)
    LE   错误 (非相联的)
    '<'  错误 (非相联的)
    '>'  错误 (非相联的)

    $default  使用规则 54 以归约 (expr)


状态 106

   48 expr: expr . '+' expr
   49     | expr . '-' expr
   50     | expr . '*' expr
   51     | expr . '/' expr
   52     | expr . '%' expr
   54     | expr . '<' expr
   55     | expr . LE expr
   56     | expr . EQUAL expr
   57     | expr . NE expr
   58     | expr . GE expr
   59     | expr . '>' expr
   59     | expr '>' expr .
   60     | expr . AND expr
   61     | expr . OR expr
   62     | expr . '^' expr
   65     | expr . '&' expr
   66     | expr . '|' expr

    '+'  偏移，并进入状态 80
    '-'  偏移，并进入状态 81
    '*'  偏移，并进入状态 82
    '/'  偏移，并进入状态 83
    '%'  偏移，并进入状态 84
    '&'  偏移，并进入状态 85
    '|'  偏移，并进入状态 86
    '^'  偏移，并进入状态 87

    GE   错误 (非相联的)
    LE   错误 (非相联的)
    '<'  错误 (非相联的)
    '>'  错误 (非相联的)

    $default  使用规则 59 以归约 (expr)


状态 107

   48 expr: expr . '+' expr
   48     | expr '+' expr .
   49     | expr . '-' expr
   50     | expr . '*' expr
   51     | expr . '/' expr
   52     | expr . '%' expr
   54     | expr . '<' expr
   55     | expr . LE expr
   56     | expr . EQUAL expr
   57     | expr . NE expr
   58     | expr . GE expr
   59     | expr . '>' expr
   60     | expr . AND expr
   61     | expr . OR expr
   62     | expr . '^' expr
   65     | expr . '&' expr
   66     | expr . '|' expr

    '*'  偏移，并进入状态 82
    '/'  偏移，并进入状态 83
    '%'  偏移，并进入状态 84
    '&'  偏移，并进入状态 85
    '|'  偏移，并进入状态 86
    '^'  偏移，并进入状态 87

    $default  使用规则 48 以归约 (expr)


状态 108

   48 expr: expr . '+' expr
   49     | expr . '-' expr
   49     | expr '-' expr .
   50     | expr . '*' expr
   51     | expr . '/' expr
   52     | expr . '%' expr
   54     | expr . '<' expr
   55     | expr . LE expr
   56     | expr . EQUAL expr
   57     | expr . NE expr
   58     | expr . GE expr
   59     | expr . '>' expr
   60     | expr . AND expr
   61     | expr . OR expr
   62     | expr . '^' expr
   65     | expr . '&' expr
   66     | expr . '|' expr

    '*'  偏移，并进入状态 82
    '/'  偏移，并进入状态 83
    '%'  偏移，并进入状态 84
    '&'  偏移，并进入状态 85
    '|'  偏移，并进入状态 86
    '^'  偏移，并进入状态 87

    $default  使用规则 49 以归约 (expr)


状态 109

   48 expr: expr . '+' expr
   49     | expr . '-' expr
   50     | expr . '*' expr
   50     | expr '*' expr .
   51     | expr . '/' expr
   52     | expr . '%' expr
   54     | expr . '<' expr
   55     | expr . LE expr
   56     | expr . EQUAL expr
   57     | expr . NE expr
   58     | expr . GE expr
   59     | expr . '>' expr
   60     | expr . AND expr
   61     | expr . OR expr
   62     | expr . '^' expr
   65     | expr . '&' expr
   66     | expr . '|' expr

    '&'  偏移，并进入状态 85
    '|'  偏移，并进入状态 86
    '^'  偏移，并进入状态 87

    $default  使用规则 50 以归约 (expr)


状态 110

   48 expr: expr . '+' expr
   49     | expr . '-' expr
   50     | expr . '*' expr
   51     | expr . '/' expr
   51     | expr '/' expr .
   52     | expr . '%' expr
   54     | expr . '<' expr
   55     | expr . LE expr
   56     | expr . EQUAL expr
   57     | expr . NE expr
   58     | expr . GE expr
   59     | expr . '>' expr
   60     | expr . AND expr
   61     | expr . OR expr
   62     | expr . '^' expr
   65     | expr . '&' expr
   66     | expr . '|' expr

    '&'  偏移，并进入状态 85
    '|'  偏移，并进入状态 86
    '^'  偏移，并进入状态 87

    $default  使用规则 51 以归约 (expr)


状态 111

   48 expr: expr . '+' expr
   49     | expr . '-' expr
   50     | expr . '*' expr
   51     | expr . '/' expr
   52     | expr . '%' expr
   52     | expr '%' expr .
   54     | expr . '<' expr
   55     | expr . LE expr
   56     | expr . EQUAL expr
   57     | expr . NE expr
   58     | expr . GE expr
   59     | expr . '>' expr
   60     | expr . AND expr
   61     | expr . OR expr
   62     | expr . '^' expr
   65     | expr . '&' expr
   66     | expr . '|' expr

    '&'  偏移，并进入状态 85
    '|'  偏移，并进入状态 86
    '^'  偏移，并进入状态 87

    $default  使用规则 52 以归约 (expr)


状态 112

   48 expr: expr . '+' expr
   49     | expr . '-' expr
   50     | expr . '*' expr
   51     | expr . '/' expr
   52     | expr . '%' expr
   54     | expr . '<' expr
   55     | expr . LE expr
   56     | expr . EQUAL expr
   57     | expr . NE expr
   58     | expr . GE expr
   59     | expr . '>' expr
   60     | expr . AND expr
   61     | expr . OR expr
   62     | expr . '^' expr
   65     | expr . '&' expr
   65     | expr '&' expr .
   66     | expr . '|' expr

    '&'  错误 (非相联的)
    '|'  错误 (非相联的)
    '^'  错误 (非相联的)

    $default  使用规则 65 以归约 (expr)


状态 113

   48 expr: expr . '+' expr
   49     | expr . '-' expr
   50     | expr . '*' expr
   51     | expr . '/' expr
   52     | expr . '%' expr
   54     | expr . '<' expr
   55     | expr . LE expr
   56     | expr . EQUAL expr
   57     | expr . NE expr
   58     | expr . GE expr
   59     | expr . '>' expr
   60     | expr . AND expr
   61     | expr . OR expr
   62     | expr . '^' expr
   65     | expr . '&' expr
   66     | expr . '|' expr
   66     | expr '|' expr .

    '&'  错误 (非相联的)
    '|'  错误 (非相联的)
    '^'  错误 (非相联的)

    $default  使用规则 66 以归约 (expr)


状态 114

   48 expr: expr . '+' expr
   49     | expr . '-' expr
   50     | expr . '*' expr
   51     | expr . '/' expr
   52     | expr . '%' expr
   54     | expr . '<' expr
   55     | expr . LE expr
   56     | expr . EQUAL expr
   57     | expr . NE expr
   58     | expr . GE expr
   59     | expr . '>' expr
   60     | expr . AND expr
   61     | expr . OR expr
   62     | expr . '^' expr
   62     | expr '^' expr .
   65     | expr . '&' expr
   66     | expr . '|' expr

    '&'  错误 (非相联的)
    '|'  错误 (非相联的)
    '^'  错误 (非相联的)

    $default  使用规则 62 以归约 (expr)


状态 115

   32 ifstmt: IF expr stmtblock ELSE . stmtblock

    '{'  偏移，并进入状态 23

    stmtblock  转到状态 119


状态 116

   34 forstmt: FOR option_expr ';' option_expr . ';' option_expr stmtblock

    ';'  偏移，并进入状态 120


状态 117

   67 call: OBJECTID '(' option_actual_list ')' .

    $default  使用规则 67 以归约 (call)


状态 118

   71 actual_list: actual_list ',' . actual

    CONST_BOOL    偏移，并进入状态 34
    CONST_INT     偏移，并进入状态 35
    CONST_STRING  偏移，并进入状态 36
    CONST_FLOAT   偏移，并进入状态 37
    OBJECTID      偏移，并进入状态 38
    '-'           偏移，并进入状态 39
    '!'           偏移，并进入状态 40
    '~'           偏移，并进入状态 41
    '('           偏移，并进入状态 42

    expr    转到状态 94
    call    转到状态 55
    actual  转到状态 121


状态 119

   32 ifstmt: IF expr stmtblock ELSE stmtblock .

    $default  使用规则 32 以归约 (ifstmt)


状态 120

   34 forstmt: FOR option_expr ';' option_expr ';' . option_expr stmtblock

    CONST_BOOL    偏移，并进入状态 34
    CONST_INT     偏移，并进入状态 35
    CONST_STRING  偏移，并进入状态 36
    CONST_FLOAT   偏移，并进入状态 37
    OBJECTID      偏移，并进入状态 38
    '-'           偏移，并进入状态 39
    '!'           偏移，并进入状态 40
    '~'           偏移，并进入状态 41
    '('           偏移，并进入状态 42

    $default  使用规则 35 以归约 (option_expr)

    option_expr  转到状态 122
    expr         转到状态 60
    call         转到状态 55


状态 121

   71 actual_list: actual_list ',' actual .

    $default  使用规则 71 以归约 (actual_list)


状态 122

   34 forstmt: FOR option_expr ';' option_expr ';' option_expr . stmtblock

    '{'  偏移，并进入状态 23

    stmtblock  转到状态 123


状态 123

   34 forstmt: FOR option_expr ';' option_expr ';' option_expr stmtblock .

    $default  使用规则 34 以归约 (forstmt)
